2024-10-12 06:45:42,831 - models.course_handler - INFO - Initialized CourseHandler for major ID: 1, sub-major: None
2024-10-12 06:47:36,707 - models.course_handler - INFO - Initialized CourseHandler for major ID: 1, sub-major: None
2024-10-12 06:47:51,805 - models.course_handler - INFO - Initialized CourseHandler for major ID: 1, sub-major: None
2024-10-12 06:49:24,995 - models.course_handler - INFO - Initialized CourseHandler for major ID: 1, sub-major: None
2024-10-12 06:51:25,634 - models.course_handler - INFO - Initialized CourseHandler for major ID: 1, sub-major: None
2024-10-12 14:51:04,338 - models.course_handler - INFO - Initialized CourseHandler for major ID: 1, sub-major: None
2024-10-12 14:56:10,298 - models.course_handler - INFO - Initialized CourseHandler for major ID: 1, sub-major: None
2024-10-12 14:56:12,653 - models.course_handler - INFO - Initialized CourseHandler for major ID: 1, sub-major: None
2024-10-12 14:58:04,255 - models.course_handler - INFO - Initialized CourseHandler for major ID: 1, sub-major: None
2024-10-12 15:00:48,761 - models.course_handler - INFO - Initialized CourseHandler for major ID: 1, sub-major: None
2024-10-12 15:00:48,769 - models.course_handler - INFO - Fetched core courses for major ID: 1
2024-10-12 15:02:36,230 - models.course_handler - INFO - Initialized CourseHandler for major ID: 1, sub-major: None
2024-10-12 15:02:36,232 - models.course_handler - INFO - Fetched core courses for major ID: 1
2024-10-12 15:02:52,656 - models.course_handler - INFO - Initialized CourseHandler for major ID: 1, sub-major: None
2024-10-12 15:02:52,656 - models.course_handler - INFO - Fetched core courses for major ID: 1
2024-10-12 15:02:54,428 - models.course_handler - INFO - Initialized CourseHandler for major ID: 1, sub-major: None
2024-10-12 15:02:54,428 - models.course_handler - INFO - Fetched core courses for major ID: 1
2024-10-12 15:10:12,871 - models.course_handler - INFO - Initialized CourseHandler for major ID: 1, sub-major: None
2024-10-12 15:10:12,875 - models.course_handler - INFO - Fetched core courses for major ID: 1
2024-10-12 15:10:12,880 - models.course_handler - INFO - Fetched elective courses for major ID: 1, sub-major: None
2024-10-12 15:10:12,880 - models.course_handler - INFO - Missing elective courses for major ID: 1: 4
2024-10-12 15:10:12,882 - models.course_handler - INFO - Initialized CourseHandler for major ID: 1, sub-major: None
2024-10-12 15:15:59,353 - models.course_handler - INFO - Initialized CourseHandler for major ID: 1, sub-major: None
2024-10-12 15:15:59,363 - models.course_handler - INFO - Fetched core courses for major ID: 1
2024-10-12 15:15:59,365 - models.course_handler - INFO - Fetched elective courses for major ID: 1, sub-major: None
2024-10-12 15:15:59,365 - models.course_handler - INFO - Elective Courses: [{'course_code': 'COMP405', 'course_name': 'Human-Computer Interaction'}, {'course_code': 'COMP452', 'course_name': 'Computer Architecture'}, {'course_code': 'CSCS210', 'course_name': 'Introduction To Multimedia'}, {'course_code': 'CSCS290', 'course_name': 'Introduction To Java Programming'}, {'course_code': 'CSCS306', 'course_name': 'Embedded Systems'}, {'course_code': 'CSCS313', 'course_name': 'Software Requirements Engineering'}, {'course_code': 'CSCS324', 'course_name': 'Database Administration'}, {'course_code': 'CSCS342', 'course_name': 'Web Application Development'}, {'course_code': 'CSCS351', 'course_name': 'Software Quality Assurance'}, {'course_code': 'CSCS352', 'course_name': 'Object-Oriented Analysis And Design'}, {'course_code': 'CSCS364', 'course_name': 'Information Retrieval'}, {'course_code': 'CSCS365', 'course_name': 'Introduction To Digital Image Processing'}, {'course_code': 'CSCS366', 'course_name': 'Introduction To Natural Language Processing'}, {'course_code': 'CSCS367', 'course_name': 'Blockchain Technologies And Applications'}, {'course_code': 'CSCS368', 'course_name': 'Fundamentals Of Data Visualization'}, {'course_code': 'CSCS403', 'course_name': 'Graph Theory'}, {'course_code': 'CSCS405', 'course_name': 'Software Projects Management'}, {'course_code': 'CSCS440', 'course_name': 'Systems Programming'}, {'course_code': 'CSCS450', 'course_name': 'Technology Management'}, {'course_code': 'CSCS451', 'course_name': 'Introduction To Robotics'}, {'course_code': 'CSCS453', 'course_name': 'Computer Graphics'}, {'course_code': 'CSCS454', 'course_name': 'Reinforcement Learning'}, {'course_code': 'CSCS455', 'course_name': 'Data Mining And Data Warehousing'}, {'course_code': 'CSCS456', 'course_name': 'Introduction To Deep Learning'}, {'course_code': 'CSCS457', 'course_name': 'Computer Vision'}, {'course_code': 'CSCS458', 'course_name': 'Big Data'}, {'course_code': 'CSCS460', 'course_name': 'Machine Learning'}, {'course_code': 'CSCS461', 'course_name': 'Principles Of Programming Languages'}, {'course_code': 'CSCS462', 'course_name': 'Social Engineering And Insider Threats'}, {'course_code': 'CSCS464', 'course_name': 'Visual Programming'}, {'course_code': 'CSCS465', 'course_name': 'Information Security Standards And Regulations'}, {'course_code': 'CSCS466', 'course_name': 'Wireless Networks'}, {'course_code': 'CSCS468', 'course_name': 'Mobile Application Development'}, {'course_code': 'CSCS470', 'course_name': 'Introduction To Game Development'}, {'course_code': 'CSCS475', 'course_name': 'Technology Entrepreneurship'}]
2024-10-12 15:15:59,365 - models.course_handler - INFO - Missing elective courses count: 4
2024-10-12 15:15:59,367 - models.course_handler - INFO - Initialized CourseHandler for major ID: 1, sub-major: None
2024-10-12 15:22:35,700 - models.course_handler - INFO - Initialized CourseHandler for major ID: 1, sub-major: None
2024-10-12 15:22:35,710 - models.course_handler - INFO - Fetched core courses for major ID: 1
2024-10-12 15:22:35,715 - models.course_handler - INFO - Fetched elective courses for major ID: 1, sub-major: None
2024-10-12 15:22:35,716 - models.course_handler - INFO - Missing elective courses count: 4
2024-10-12 15:22:35,718 - models.course_handler - INFO - Initialized CourseHandler for major ID: 1, sub-major: None
2024-10-12 15:22:41,665 - models.course_handler - INFO - Initialized CourseHandler for major ID: 1, sub-major: None
2024-10-12 15:22:41,675 - models.course_handler - INFO - Fetched core courses for major ID: 1
2024-10-12 15:22:41,680 - models.course_handler - INFO - Fetched elective courses for major ID: 1, sub-major: None
2024-10-12 15:22:41,681 - models.course_handler - INFO - Missing elective courses count: 4
2024-10-12 15:22:41,682 - models.course_handler - INFO - Initialized CourseHandler for major ID: 1, sub-major: None
2024-10-12 15:24:23,375 - models.course_handler - INFO - Initialized CourseHandler for major ID: 1, sub-major: None
2024-10-12 15:24:23,379 - models.course_handler - INFO - Fetched core courses for major ID: 1
2024-10-12 15:24:23,379 - models.course_handler - INFO - Fetched elective courses for major ID: 1, sub-major: None
2024-10-12 15:24:23,379 - models.course_handler - INFO - Elective Courses: [{'course_code': 'COMP405', 'course_name': 'Human-Computer Interaction'}, {'course_code': 'COMP452', 'course_name': 'Computer Architecture'}, {'course_code': 'CSCS210', 'course_name': 'Introduction To Multimedia'}, {'course_code': 'CSCS290', 'course_name': 'Introduction To Java Programming'}, {'course_code': 'CSCS306', 'course_name': 'Embedded Systems'}, {'course_code': 'CSCS313', 'course_name': 'Software Requirements Engineering'}, {'course_code': 'CSCS324', 'course_name': 'Database Administration'}, {'course_code': 'CSCS342', 'course_name': 'Web Application Development'}, {'course_code': 'CSCS351', 'course_name': 'Software Quality Assurance'}, {'course_code': 'CSCS352', 'course_name': 'Object-Oriented Analysis And Design'}, {'course_code': 'CSCS364', 'course_name': 'Information Retrieval'}, {'course_code': 'CSCS365', 'course_name': 'Introduction To Digital Image Processing'}, {'course_code': 'CSCS366', 'course_name': 'Introduction To Natural Language Processing'}, {'course_code': 'CSCS367', 'course_name': 'Blockchain Technologies And Applications'}, {'course_code': 'CSCS368', 'course_name': 'Fundamentals Of Data Visualization'}, {'course_code': 'CSCS403', 'course_name': 'Graph Theory'}, {'course_code': 'CSCS405', 'course_name': 'Software Projects Management'}, {'course_code': 'CSCS440', 'course_name': 'Systems Programming'}, {'course_code': 'CSCS450', 'course_name': 'Technology Management'}, {'course_code': 'CSCS451', 'course_name': 'Introduction To Robotics'}, {'course_code': 'CSCS453', 'course_name': 'Computer Graphics'}, {'course_code': 'CSCS454', 'course_name': 'Reinforcement Learning'}, {'course_code': 'CSCS455', 'course_name': 'Data Mining And Data Warehousing'}, {'course_code': 'CSCS456', 'course_name': 'Introduction To Deep Learning'}, {'course_code': 'CSCS457', 'course_name': 'Computer Vision'}, {'course_code': 'CSCS458', 'course_name': 'Big Data'}, {'course_code': 'CSCS460', 'course_name': 'Machine Learning'}, {'course_code': 'CSCS461', 'course_name': 'Principles Of Programming Languages'}, {'course_code': 'CSCS462', 'course_name': 'Social Engineering And Insider Threats'}, {'course_code': 'CSCS464', 'course_name': 'Visual Programming'}, {'course_code': 'CSCS465', 'course_name': 'Information Security Standards And Regulations'}, {'course_code': 'CSCS466', 'course_name': 'Wireless Networks'}, {'course_code': 'CSCS468', 'course_name': 'Mobile Application Development'}, {'course_code': 'CSCS470', 'course_name': 'Introduction To Game Development'}, {'course_code': 'CSCS475', 'course_name': 'Technology Entrepreneurship'}]
2024-10-12 15:24:23,379 - models.course_handler - INFO - Missing elective courses count: 4
2024-10-12 15:24:23,379 - models.course_handler - INFO - Initialized CourseHandler for major ID: 1, sub-major: None
2024-10-12 15:30:43,468 - models.course_handler - INFO - Initialized CourseHandler for major ID: 1, sub-major: None
2024-10-12 15:30:43,482 - models.course_handler - INFO - Fetched core courses for major ID: 1
2024-10-12 15:30:43,482 - models.course_handler - INFO - Fetched elective courses for major ID: 1, sub-major: None
2024-10-12 15:30:43,482 - models.course_handler - INFO - Missing elective courses count: 4
2024-10-12 15:30:43,482 - models.course_handler - INFO - Initialized CourseHandler for major ID: 1, sub-major: None
2024-10-12 15:30:44,745 - models.course_handler - INFO - Initialized CourseHandler for major ID: 1, sub-major: None
2024-10-12 15:30:44,746 - models.course_handler - INFO - Fetched core courses for major ID: 1
2024-10-12 15:30:44,747 - models.course_handler - INFO - Fetched elective courses for major ID: 1, sub-major: None
2024-10-12 15:30:44,747 - models.course_handler - INFO - Missing elective courses count: 4
2024-10-12 15:30:44,749 - models.course_handler - INFO - Initialized CourseHandler for major ID: 1, sub-major: None
2024-10-12 15:33:54,619 - models.course_handler - INFO - Initialized CourseHandler for major ID: 1, sub-major: None
2024-10-12 15:33:54,622 - models.course_handler - INFO - Fetched core courses for major ID: 1
2024-10-12 15:33:54,622 - models.course_handler - INFO - Fetched elective courses for major ID: 1, sub-major: None
2024-10-12 15:33:54,622 - models.course_handler - INFO - Missing elective courses count: 4
2024-10-12 15:33:54,633 - models.course_handler - INFO - Initialized CourseHandler for major ID: 1, sub-major: None
2024-10-12 15:36:21,766 - models.course_handler - INFO - Initialized CourseHandler for major ID: 1, sub-major: None
2024-10-12 15:36:21,781 - models.course_handler - INFO - Initialized CourseHandler for major ID: 1, sub-major: None
2024-10-12 15:39:09,621 - models.course_handler - INFO - Initialized CourseHandler for major ID: 1, sub-major: None
2024-10-12 15:39:09,625 - models.course_handler - INFO - Fetched core courses: [('COMP 102', 'Programming I (lab course)', 4), ('COMP 111', 'Programming II (lab course)', 4), ('COMP 113', 'Discrete Mathematics', 3), ('COMP 200', 'Computer Organization with Assembly Language (lab course)', 3), ('COMP 206', 'Digital Logic Design (lab course)', 3), ('COMP 213', 'Database Systems (lab course)', 3), ('Comp 220', 'Data structures and algorithm', 3), ('COMP 301', 'Operating Systems (lab course)', 3), ('COMP 302', 'Theory of Automata', 3), ('COMP 303', 'Design and Analysis of Algorithms', 3), ('COMP 311', 'Computer Networks (lab course)', 3), ('COMP 360', 'Introduction to Artificial Intelligence (lab course)', 3), ('COMP 401', 'Ethics for Computing Professionals (1 credit)', 1), ('COMP 410', 'Information Security', 3), ('COMP 421', 'Parallel and Distributed Computing', 3), ('COMP 451', 'Compiler Construction (lab course)', 3), ('COMP 457', 'Senior Project 6 (in two parts A and B in two semesters)', 6)]
2024-10-12 15:39:09,626 - models.course_handler - INFO - Missing core courses: [{'course_code': 'COMP102', 'course_name': 'Programming I (Lab Course)', 'credits': 4}, {'course_code': 'COMP111', 'course_name': 'Programming Ii (Lab Course)', 'credits': 4}, {'course_code': 'COMP113', 'course_name': 'Discrete Mathematics', 'credits': 3}, {'course_code': 'COMP200', 'course_name': 'Computer Organization With Assembly Language (Lab Course)', 'credits': 3}, {'course_code': 'COMP206', 'course_name': 'Digital Logic Design (Lab Course)', 'credits': 3}, {'course_code': 'COMP213', 'course_name': 'Database Systems (Lab Course)', 'credits': 3}, {'course_code': 'COMP220', 'course_name': 'Data Structures And Algorithm', 'credits': 3}, {'course_code': 'COMP301', 'course_name': 'Operating Systems (Lab Course)', 'credits': 3}, {'course_code': 'COMP302', 'course_name': 'Theory Of Automata', 'credits': 3}, {'course_code': 'COMP303', 'course_name': 'Design And Analysis Of Algorithms', 'credits': 3}, {'course_code': 'COMP311', 'course_name': 'Computer Networks (Lab Course)', 'credits': 3}, {'course_code': 'COMP360', 'course_name': 'Introduction To Artificial Intelligence (Lab Course)', 'credits': 3}, {'course_code': 'COMP401', 'course_name': 'Ethics For Computing Professionals (1 Credit)', 'credits': 1}, {'course_code': 'COMP410', 'course_name': 'Information Security', 'credits': 3}, {'course_code': 'COMP421', 'course_name': 'Parallel And Distributed Computing', 'credits': 3}, {'course_code': 'COMP451', 'course_name': 'Compiler Construction (Lab Course)', 'credits': 3}, {'course_code': 'COMP457', 'course_name': 'Senior Project 6 (In Two Parts A And B In Two Semesters)', 'credits': 6}]
2024-10-12 15:39:09,631 - models.course_handler - INFO - Fetched elective courses for major ID: 1
2024-10-12 15:39:09,631 - models.course_handler - INFO - Missing elective courses count: 4
2024-10-12 15:39:09,633 - models.course_handler - INFO - Initialized CourseHandler for major ID: 1, sub-major: None
2024-10-12 15:39:12,047 - models.course_handler - INFO - Initialized CourseHandler for major ID: 1, sub-major: None
2024-10-12 15:39:12,048 - models.course_handler - INFO - Fetched core courses: [('COMP 102', 'Programming I (lab course)', 4), ('COMP 111', 'Programming II (lab course)', 4), ('COMP 113', 'Discrete Mathematics', 3), ('COMP 200', 'Computer Organization with Assembly Language (lab course)', 3), ('COMP 206', 'Digital Logic Design (lab course)', 3), ('COMP 213', 'Database Systems (lab course)', 3), ('Comp 220', 'Data structures and algorithm', 3), ('COMP 301', 'Operating Systems (lab course)', 3), ('COMP 302', 'Theory of Automata', 3), ('COMP 303', 'Design and Analysis of Algorithms', 3), ('COMP 311', 'Computer Networks (lab course)', 3), ('COMP 360', 'Introduction to Artificial Intelligence (lab course)', 3), ('COMP 401', 'Ethics for Computing Professionals (1 credit)', 1), ('COMP 410', 'Information Security', 3), ('COMP 421', 'Parallel and Distributed Computing', 3), ('COMP 451', 'Compiler Construction (lab course)', 3), ('COMP 457', 'Senior Project 6 (in two parts A and B in two semesters)', 6)]
2024-10-12 15:39:12,048 - models.course_handler - INFO - Missing core courses: [{'course_code': 'COMP102', 'course_name': 'Programming I (Lab Course)', 'credits': 4}, {'course_code': 'COMP111', 'course_name': 'Programming Ii (Lab Course)', 'credits': 4}, {'course_code': 'COMP113', 'course_name': 'Discrete Mathematics', 'credits': 3}, {'course_code': 'COMP200', 'course_name': 'Computer Organization With Assembly Language (Lab Course)', 'credits': 3}, {'course_code': 'COMP206', 'course_name': 'Digital Logic Design (Lab Course)', 'credits': 3}, {'course_code': 'COMP213', 'course_name': 'Database Systems (Lab Course)', 'credits': 3}, {'course_code': 'COMP220', 'course_name': 'Data Structures And Algorithm', 'credits': 3}, {'course_code': 'COMP301', 'course_name': 'Operating Systems (Lab Course)', 'credits': 3}, {'course_code': 'COMP302', 'course_name': 'Theory Of Automata', 'credits': 3}, {'course_code': 'COMP303', 'course_name': 'Design And Analysis Of Algorithms', 'credits': 3}, {'course_code': 'COMP311', 'course_name': 'Computer Networks (Lab Course)', 'credits': 3}, {'course_code': 'COMP360', 'course_name': 'Introduction To Artificial Intelligence (Lab Course)', 'credits': 3}, {'course_code': 'COMP401', 'course_name': 'Ethics For Computing Professionals (1 Credit)', 'credits': 1}, {'course_code': 'COMP410', 'course_name': 'Information Security', 'credits': 3}, {'course_code': 'COMP421', 'course_name': 'Parallel And Distributed Computing', 'credits': 3}, {'course_code': 'COMP451', 'course_name': 'Compiler Construction (Lab Course)', 'credits': 3}, {'course_code': 'COMP457', 'course_name': 'Senior Project 6 (In Two Parts A And B In Two Semesters)', 'credits': 6}]
2024-10-12 15:39:12,049 - models.course_handler - INFO - Fetched elective courses for major ID: 1
2024-10-12 15:39:12,049 - models.course_handler - INFO - Missing elective courses count: 4
2024-10-12 15:39:12,051 - models.course_handler - INFO - Initialized CourseHandler for major ID: 1, sub-major: None
