2024-10-12 06:45:42,831 - models.general_education_handler - INFO - Initialized GeneralEducationHandler for major ID: 1
2024-10-12 06:47:36,707 - models.general_education_handler - INFO - Initialized GeneralEducationHandler for major ID: 1
2024-10-12 06:47:51,805 - models.general_education_handler - INFO - Initialized GeneralEducationHandler for major ID: 1
2024-10-12 06:49:24,996 - models.general_education_handler - INFO - Initialized GeneralEducationHandler for major ID: 1
2024-10-12 06:51:25,634 - models.general_education_handler - INFO - Initialized GeneralEducationHandler for major ID: 1
2024-10-12 14:51:04,340 - models.general_education_handler - INFO - Initialized GeneralEducationHandler for major ID: 1
2024-10-12 14:56:10,298 - models.general_education_handler - INFO - Initialized GeneralEducationHandler for major ID: 1
2024-10-12 14:56:12,653 - models.general_education_handler - INFO - Initialized GeneralEducationHandler for major ID: 1
2024-10-12 14:58:04,255 - models.general_education_handler - INFO - Initialized GeneralEducationHandler for major ID: 1
2024-10-12 15:00:48,762 - models.general_education_handler - INFO - Initialized GeneralEducationHandler for major ID: 1
2024-10-12 15:02:36,232 - models.general_education_handler - INFO - Initialized GeneralEducationHandler for major ID: 1
2024-10-12 15:02:52,656 - models.general_education_handler - INFO - Initialized GeneralEducationHandler for major ID: 1
2024-10-12 15:02:54,428 - models.general_education_handler - INFO - Initialized GeneralEducationHandler for major ID: 1
2024-10-12 15:10:12,872 - models.general_education_handler - INFO - Initialized GeneralEducationHandler for major ID: 1
2024-10-12 15:10:12,880 - models.general_education_handler - INFO - Fetching all general education courses for major ID: 1
2024-10-12 15:10:12,880 - models.general_education_handler - INFO - Fetching compulsory courses for major ID: 1
2024-10-12 15:10:12,880 - models.general_education_handler - ERROR - Error fetching courses from bio_general_education for course_code: Not an executable object: 'SELECT course_code, course_name, credits FROM bio_general_education WHERE course_code IN :values'
2024-10-12 15:10:12,881 - models.general_education_handler - INFO - Fetching religious courses for major ID: 1
2024-10-12 15:10:12,881 - models.general_education_handler - ERROR - Error fetching courses from bio_general_education for course_code: Not an executable object: 'SELECT course_code, course_name, credits FROM bio_general_education WHERE course_code IN :values'
2024-10-12 15:10:12,881 - models.general_education_handler - INFO - Fetching humanities courses for major ID: 1
2024-10-12 15:10:12,881 - models.general_education_handler - ERROR - Error fetching courses from bio_general_education for course_code: Not an executable object: 'SELECT course_code, course_name, credits FROM bio_general_education WHERE course_code IN :values'
2024-10-12 15:10:12,881 - models.general_education_handler - INFO - Fetching social science courses for major ID: 1
2024-10-12 15:10:12,881 - models.general_education_handler - ERROR - Error fetching courses from bio_general_education for course_code: Not an executable object: 'SELECT course_code, course_name, credits FROM bio_general_education WHERE course_code IN :values'
2024-10-12 15:10:12,881 - models.general_education_handler - INFO - Fetching science lab courses for major ID: 1
2024-10-12 15:10:12,881 - models.general_education_handler - ERROR - Error fetching courses from bio_general_education for course_code: Not an executable object: 'SELECT course_code, course_name, credits FROM bio_general_education WHERE course_code IN :values'
2024-10-12 15:10:12,881 - models.general_education_handler - INFO - Fetching math courses for major ID: 1
2024-10-12 15:10:12,881 - models.general_education_handler - WARNING - No values provided or general table not found for major ID: 1
2024-10-12 15:10:12,881 - models.general_education_handler - INFO - Fetching computer science courses for major ID: 1
2024-10-12 15:10:12,881 - models.general_education_handler - WARNING - No values provided or general table not found for major ID: 1
2024-10-12 15:10:12,882 - models.general_education_handler - INFO - Fetching additional general education courses for major ID: 1
2024-10-12 15:10:12,882 - models.general_education_handler - WARNING - No values provided or general table not found for major ID: 1
2024-10-12 15:10:12,882 - models.general_education_handler - INFO - Generated remaining general education requirements for major ID: 1
2024-10-12 15:10:12,882 - models.general_education_handler - INFO - Initialized GeneralEducationHandler for major ID: 1
2024-10-12 15:15:59,355 - models.general_education_handler - INFO - Initialized GeneralEducationHandler for major ID: 1
2024-10-12 15:15:59,365 - models.general_education_handler - INFO - Fetching all general education courses for major ID: 1
2024-10-12 15:15:59,367 - models.general_education_handler - INFO - Fetching compulsory courses for major ID: 1
2024-10-12 15:15:59,367 - models.general_education_handler - ERROR - Error fetching courses from bio_general_education for course_code: Not an executable object: 'SELECT course_code, course_name, credits FROM bio_general_education WHERE course_code IN :values'
2024-10-12 15:15:59,367 - models.general_education_handler - INFO - Fetching religious courses for major ID: 1
2024-10-12 15:15:59,367 - models.general_education_handler - ERROR - Error fetching courses from bio_general_education for course_code: Not an executable object: 'SELECT course_code, course_name, credits FROM bio_general_education WHERE course_code IN :values'
2024-10-12 15:15:59,367 - models.general_education_handler - INFO - Fetching humanities courses for major ID: 1
2024-10-12 15:15:59,367 - models.general_education_handler - ERROR - Error fetching courses from bio_general_education for course_code: Not an executable object: 'SELECT course_code, course_name, credits FROM bio_general_education WHERE course_code IN :values'
2024-10-12 15:15:59,367 - models.general_education_handler - INFO - Fetching social science courses for major ID: 1
2024-10-12 15:15:59,367 - models.general_education_handler - ERROR - Error fetching courses from bio_general_education for course_code: Not an executable object: 'SELECT course_code, course_name, credits FROM bio_general_education WHERE course_code IN :values'
2024-10-12 15:15:59,367 - models.general_education_handler - INFO - Fetching science lab courses for major ID: 1
2024-10-12 15:15:59,367 - models.general_education_handler - ERROR - Error fetching courses from bio_general_education for course_code: Not an executable object: 'SELECT course_code, course_name, credits FROM bio_general_education WHERE course_code IN :values'
2024-10-12 15:15:59,367 - models.general_education_handler - INFO - Fetching math courses for major ID: 1
2024-10-12 15:15:59,367 - models.general_education_handler - WARNING - No values provided or general table not found for major ID: 1
2024-10-12 15:15:59,367 - models.general_education_handler - INFO - Fetching computer science courses for major ID: 1
2024-10-12 15:15:59,367 - models.general_education_handler - WARNING - No values provided or general table not found for major ID: 1
2024-10-12 15:15:59,367 - models.general_education_handler - INFO - Fetching additional general education courses for major ID: 1
2024-10-12 15:15:59,367 - models.general_education_handler - WARNING - No values provided or general table not found for major ID: 1
2024-10-12 15:15:59,367 - models.general_education_handler - INFO - Generated remaining general education requirements for major ID: 1
2024-10-12 15:15:59,367 - models.general_education_handler - INFO - Initialized GeneralEducationHandler for major ID: 1
2024-10-12 15:22:35,700 - models.general_education_handler - INFO - Initialized GeneralEducationHandler for major ID: 1
2024-10-12 15:22:35,716 - models.general_education_handler - INFO - Fetching all general education courses for major ID: 1
2024-10-12 15:22:35,716 - models.general_education_handler - INFO - Fetching compulsory courses for major ID: 1
2024-10-12 15:22:35,717 - models.general_education_handler - ERROR - Error fetching courses from bio_general_education for course_code: Not an executable object: 'SELECT course_code, course_name, credits FROM bio_general_education WHERE course_code IN :values'
2024-10-12 15:22:35,717 - models.general_education_handler - INFO - Fetching religious courses for major ID: 1
2024-10-12 15:22:35,717 - models.general_education_handler - ERROR - Error fetching courses from bio_general_education for course_code: Not an executable object: 'SELECT course_code, course_name, credits FROM bio_general_education WHERE course_code IN :values'
2024-10-12 15:22:35,717 - models.general_education_handler - INFO - Fetching humanities courses for major ID: 1
2024-10-12 15:22:35,717 - models.general_education_handler - ERROR - Error fetching courses from bio_general_education for course_code: Not an executable object: 'SELECT course_code, course_name, credits FROM bio_general_education WHERE course_code IN :values'
2024-10-12 15:22:35,717 - models.general_education_handler - INFO - Fetching social science courses for major ID: 1
2024-10-12 15:22:35,718 - models.general_education_handler - ERROR - Error fetching courses from bio_general_education for course_code: Not an executable object: 'SELECT course_code, course_name, credits FROM bio_general_education WHERE course_code IN :values'
2024-10-12 15:22:35,718 - models.general_education_handler - INFO - Fetching science lab courses for major ID: 1
2024-10-12 15:22:35,718 - models.general_education_handler - ERROR - Error fetching courses from bio_general_education for course_code: Not an executable object: 'SELECT course_code, course_name, credits FROM bio_general_education WHERE course_code IN :values'
2024-10-12 15:22:35,718 - models.general_education_handler - INFO - Fetching math courses for major ID: 1
2024-10-12 15:22:35,718 - models.general_education_handler - WARNING - No values provided or general table not found for major ID: 1
2024-10-12 15:22:35,718 - models.general_education_handler - INFO - Fetching computer science courses for major ID: 1
2024-10-12 15:22:35,718 - models.general_education_handler - WARNING - No values provided or general table not found for major ID: 1
2024-10-12 15:22:35,718 - models.general_education_handler - INFO - Fetching additional general education courses for major ID: 1
2024-10-12 15:22:35,718 - models.general_education_handler - WARNING - No values provided or general table not found for major ID: 1
2024-10-12 15:22:35,718 - models.general_education_handler - INFO - Generated remaining general education requirements for major ID: 1
2024-10-12 15:22:35,718 - models.general_education_handler - INFO - Initialized GeneralEducationHandler for major ID: 1
2024-10-12 15:22:41,665 - models.general_education_handler - INFO - Initialized GeneralEducationHandler for major ID: 1
2024-10-12 15:22:41,681 - models.general_education_handler - INFO - Fetching all general education courses for major ID: 1
2024-10-12 15:22:41,681 - models.general_education_handler - INFO - Fetching compulsory courses for major ID: 1
2024-10-12 15:22:41,681 - models.general_education_handler - ERROR - Error fetching courses from bio_general_education for course_code: Not an executable object: 'SELECT course_code, course_name, credits FROM bio_general_education WHERE course_code IN :values'
2024-10-12 15:22:41,681 - models.general_education_handler - INFO - Fetching religious courses for major ID: 1
2024-10-12 15:22:41,681 - models.general_education_handler - ERROR - Error fetching courses from bio_general_education for course_code: Not an executable object: 'SELECT course_code, course_name, credits FROM bio_general_education WHERE course_code IN :values'
2024-10-12 15:22:41,681 - models.general_education_handler - INFO - Fetching humanities courses for major ID: 1
2024-10-12 15:22:41,681 - models.general_education_handler - ERROR - Error fetching courses from bio_general_education for course_code: Not an executable object: 'SELECT course_code, course_name, credits FROM bio_general_education WHERE course_code IN :values'
2024-10-12 15:22:41,682 - models.general_education_handler - INFO - Fetching social science courses for major ID: 1
2024-10-12 15:22:41,682 - models.general_education_handler - ERROR - Error fetching courses from bio_general_education for course_code: Not an executable object: 'SELECT course_code, course_name, credits FROM bio_general_education WHERE course_code IN :values'
2024-10-12 15:22:41,682 - models.general_education_handler - INFO - Fetching science lab courses for major ID: 1
2024-10-12 15:22:41,682 - models.general_education_handler - ERROR - Error fetching courses from bio_general_education for course_code: Not an executable object: 'SELECT course_code, course_name, credits FROM bio_general_education WHERE course_code IN :values'
2024-10-12 15:22:41,682 - models.general_education_handler - INFO - Fetching math courses for major ID: 1
2024-10-12 15:22:41,682 - models.general_education_handler - WARNING - No values provided or general table not found for major ID: 1
2024-10-12 15:22:41,682 - models.general_education_handler - INFO - Fetching computer science courses for major ID: 1
2024-10-12 15:22:41,682 - models.general_education_handler - WARNING - No values provided or general table not found for major ID: 1
2024-10-12 15:22:41,682 - models.general_education_handler - INFO - Fetching additional general education courses for major ID: 1
2024-10-12 15:22:41,682 - models.general_education_handler - WARNING - No values provided or general table not found for major ID: 1
2024-10-12 15:22:41,682 - models.general_education_handler - INFO - Generated remaining general education requirements for major ID: 1
2024-10-12 15:22:41,682 - models.general_education_handler - INFO - Initialized GeneralEducationHandler for major ID: 1
2024-10-12 15:24:23,375 - models.general_education_handler - INFO - Initialized GeneralEducationHandler for major ID: 1
2024-10-12 15:24:23,379 - models.general_education_handler - INFO - Fetching all general education courses for major ID: 1
2024-10-12 15:24:23,379 - models.general_education_handler - INFO - Fetching compulsory courses for major ID: 1
2024-10-12 15:24:23,379 - models.general_education_handler - ERROR - Error fetching courses from bio_general_education for course_code: Not an executable object: 'SELECT course_code, course_name, credits FROM bio_general_education WHERE course_code IN :values'
2024-10-12 15:24:23,379 - models.general_education_handler - INFO - Fetching religious courses for major ID: 1
2024-10-12 15:24:23,379 - models.general_education_handler - ERROR - Error fetching courses from bio_general_education for course_code: Not an executable object: 'SELECT course_code, course_name, credits FROM bio_general_education WHERE course_code IN :values'
2024-10-12 15:24:23,379 - models.general_education_handler - INFO - Fetching humanities courses for major ID: 1
2024-10-12 15:24:23,379 - models.general_education_handler - ERROR - Error fetching courses from bio_general_education for course_code: Not an executable object: 'SELECT course_code, course_name, credits FROM bio_general_education WHERE course_code IN :values'
2024-10-12 15:24:23,379 - models.general_education_handler - INFO - Fetching social science courses for major ID: 1
2024-10-12 15:24:23,379 - models.general_education_handler - ERROR - Error fetching courses from bio_general_education for course_code: Not an executable object: 'SELECT course_code, course_name, credits FROM bio_general_education WHERE course_code IN :values'
2024-10-12 15:24:23,379 - models.general_education_handler - INFO - Fetching science lab courses for major ID: 1
2024-10-12 15:24:23,379 - models.general_education_handler - ERROR - Error fetching courses from bio_general_education for course_code: Not an executable object: 'SELECT course_code, course_name, credits FROM bio_general_education WHERE course_code IN :values'
2024-10-12 15:24:23,379 - models.general_education_handler - INFO - Fetching math courses for major ID: 1
2024-10-12 15:24:23,379 - models.general_education_handler - WARNING - No values provided or general table not found for major ID: 1
2024-10-12 15:24:23,379 - models.general_education_handler - INFO - Fetching computer science courses for major ID: 1
2024-10-12 15:24:23,379 - models.general_education_handler - WARNING - No values provided or general table not found for major ID: 1
2024-10-12 15:24:23,379 - models.general_education_handler - INFO - Fetching additional general education courses for major ID: 1
2024-10-12 15:24:23,379 - models.general_education_handler - WARNING - No values provided or general table not found for major ID: 1
2024-10-12 15:24:23,379 - models.general_education_handler - INFO - Generated remaining general education requirements for major ID: 1
2024-10-12 15:24:23,379 - models.general_education_handler - INFO - Initialized GeneralEducationHandler for major ID: 1
2024-10-12 15:30:43,468 - models.general_education_handler - INFO - Initialized GeneralEducationHandler for major ID: 1
2024-10-12 15:30:43,482 - models.general_education_handler - INFO - Fetching all general education courses for major ID: 1
2024-10-12 15:30:43,482 - models.general_education_handler - INFO - Fetching compulsory courses for major ID: 1
2024-10-12 15:30:43,482 - models.general_education_handler - ERROR - Error fetching courses from bio_general_education for course_code: Not an executable object: 'SELECT course_code, course_name, credits FROM bio_general_education WHERE course_code IN :values'
2024-10-12 15:30:43,482 - models.general_education_handler - INFO - Fetching religious courses for major ID: 1
2024-10-12 15:30:43,482 - models.general_education_handler - ERROR - Error fetching courses from bio_general_education for course_code: Not an executable object: 'SELECT course_code, course_name, credits FROM bio_general_education WHERE course_code IN :values'
2024-10-12 15:30:43,482 - models.general_education_handler - INFO - Fetching humanities courses for major ID: 1
2024-10-12 15:30:43,482 - models.general_education_handler - ERROR - Error fetching courses from bio_general_education for course_code: Not an executable object: 'SELECT course_code, course_name, credits FROM bio_general_education WHERE course_code IN :values'
2024-10-12 15:30:43,482 - models.general_education_handler - INFO - Fetching social science courses for major ID: 1
2024-10-12 15:30:43,482 - models.general_education_handler - ERROR - Error fetching courses from bio_general_education for course_code: Not an executable object: 'SELECT course_code, course_name, credits FROM bio_general_education WHERE course_code IN :values'
2024-10-12 15:30:43,482 - models.general_education_handler - INFO - Fetching science lab courses for major ID: 1
2024-10-12 15:30:43,482 - models.general_education_handler - ERROR - Error fetching courses from bio_general_education for course_code: Not an executable object: 'SELECT course_code, course_name, credits FROM bio_general_education WHERE course_code IN :values'
2024-10-12 15:30:43,482 - models.general_education_handler - INFO - Fetching math courses for major ID: 1
2024-10-12 15:30:43,482 - models.general_education_handler - WARNING - No values provided or general table not found for major ID: 1
2024-10-12 15:30:43,482 - models.general_education_handler - INFO - Fetching computer science courses for major ID: 1
2024-10-12 15:30:43,482 - models.general_education_handler - WARNING - No values provided or general table not found for major ID: 1
2024-10-12 15:30:43,482 - models.general_education_handler - INFO - Fetching additional general education courses for major ID: 1
2024-10-12 15:30:43,482 - models.general_education_handler - WARNING - No values provided or general table not found for major ID: 1
2024-10-12 15:30:43,482 - models.general_education_handler - INFO - Generated remaining general education requirements for major ID: 1
2024-10-12 15:30:43,482 - models.general_education_handler - INFO - Initialized GeneralEducationHandler for major ID: 1
2024-10-12 15:30:44,745 - models.general_education_handler - INFO - Initialized GeneralEducationHandler for major ID: 1
2024-10-12 15:30:44,747 - models.general_education_handler - INFO - Fetching all general education courses for major ID: 1
2024-10-12 15:30:44,747 - models.general_education_handler - INFO - Fetching compulsory courses for major ID: 1
2024-10-12 15:30:44,747 - models.general_education_handler - ERROR - Error fetching courses from bio_general_education for course_code: Not an executable object: 'SELECT course_code, course_name, credits FROM bio_general_education WHERE course_code IN :values'
2024-10-12 15:30:44,747 - models.general_education_handler - INFO - Fetching religious courses for major ID: 1
2024-10-12 15:30:44,748 - models.general_education_handler - ERROR - Error fetching courses from bio_general_education for course_code: Not an executable object: 'SELECT course_code, course_name, credits FROM bio_general_education WHERE course_code IN :values'
2024-10-12 15:30:44,748 - models.general_education_handler - INFO - Fetching humanities courses for major ID: 1
2024-10-12 15:30:44,748 - models.general_education_handler - ERROR - Error fetching courses from bio_general_education for course_code: Not an executable object: 'SELECT course_code, course_name, credits FROM bio_general_education WHERE course_code IN :values'
2024-10-12 15:30:44,748 - models.general_education_handler - INFO - Fetching social science courses for major ID: 1
2024-10-12 15:30:44,748 - models.general_education_handler - ERROR - Error fetching courses from bio_general_education for course_code: Not an executable object: 'SELECT course_code, course_name, credits FROM bio_general_education WHERE course_code IN :values'
2024-10-12 15:30:44,748 - models.general_education_handler - INFO - Fetching science lab courses for major ID: 1
2024-10-12 15:30:44,748 - models.general_education_handler - ERROR - Error fetching courses from bio_general_education for course_code: Not an executable object: 'SELECT course_code, course_name, credits FROM bio_general_education WHERE course_code IN :values'
2024-10-12 15:30:44,748 - models.general_education_handler - INFO - Fetching math courses for major ID: 1
2024-10-12 15:30:44,748 - models.general_education_handler - WARNING - No values provided or general table not found for major ID: 1
2024-10-12 15:30:44,748 - models.general_education_handler - INFO - Fetching computer science courses for major ID: 1
2024-10-12 15:30:44,748 - models.general_education_handler - WARNING - No values provided or general table not found for major ID: 1
2024-10-12 15:30:44,748 - models.general_education_handler - INFO - Fetching additional general education courses for major ID: 1
2024-10-12 15:30:44,748 - models.general_education_handler - WARNING - No values provided or general table not found for major ID: 1
2024-10-12 15:30:44,748 - models.general_education_handler - INFO - Generated remaining general education requirements for major ID: 1
2024-10-12 15:30:44,749 - models.general_education_handler - INFO - Initialized GeneralEducationHandler for major ID: 1
2024-10-12 15:33:54,619 - models.general_education_handler - INFO - Initialized GeneralEducationHandler for major ID: 1
2024-10-12 15:33:54,622 - models.general_education_handler - INFO - Fetching all general education courses for major ID: 1
2024-10-12 15:33:54,622 - models.general_education_handler - INFO - Fetching compulsory courses for major ID: 1
2024-10-12 15:33:54,622 - models.general_education_handler - ERROR - Error fetching courses from bio_general_education for course_code: Not an executable object: 'SELECT course_code, course_name, credits FROM bio_general_education WHERE course_code IN :values'
2024-10-12 15:33:54,622 - models.general_education_handler - INFO - Fetching religious courses for major ID: 1
2024-10-12 15:33:54,622 - models.general_education_handler - ERROR - Error fetching courses from bio_general_education for course_code: Not an executable object: 'SELECT course_code, course_name, credits FROM bio_general_education WHERE course_code IN :values'
2024-10-12 15:33:54,622 - models.general_education_handler - INFO - Fetching humanities courses for major ID: 1
2024-10-12 15:33:54,622 - models.general_education_handler - ERROR - Error fetching courses from bio_general_education for course_code: Not an executable object: 'SELECT course_code, course_name, credits FROM bio_general_education WHERE course_code IN :values'
2024-10-12 15:33:54,622 - models.general_education_handler - INFO - Fetching social science courses for major ID: 1
2024-10-12 15:33:54,633 - models.general_education_handler - ERROR - Error fetching courses from bio_general_education for course_code: Not an executable object: 'SELECT course_code, course_name, credits FROM bio_general_education WHERE course_code IN :values'
2024-10-12 15:33:54,633 - models.general_education_handler - INFO - Fetching science lab courses for major ID: 1
2024-10-12 15:33:54,633 - models.general_education_handler - ERROR - Error fetching courses from bio_general_education for course_code: Not an executable object: 'SELECT course_code, course_name, credits FROM bio_general_education WHERE course_code IN :values'
2024-10-12 15:33:54,633 - models.general_education_handler - INFO - Fetching math courses for major ID: 1
2024-10-12 15:33:54,633 - models.general_education_handler - WARNING - No values provided or general table not found for major ID: 1
2024-10-12 15:33:54,633 - models.general_education_handler - INFO - Fetching computer science courses for major ID: 1
2024-10-12 15:33:54,633 - models.general_education_handler - WARNING - No values provided or general table not found for major ID: 1
2024-10-12 15:33:54,633 - models.general_education_handler - INFO - Fetching additional general education courses for major ID: 1
2024-10-12 15:33:54,633 - models.general_education_handler - WARNING - No values provided or general table not found for major ID: 1
2024-10-12 15:33:54,633 - models.general_education_handler - INFO - Generated remaining general education requirements for major ID: 1
2024-10-12 15:33:54,633 - models.general_education_handler - INFO - Initialized GeneralEducationHandler for major ID: 1
2024-10-12 15:36:21,766 - models.general_education_handler - INFO - Initialized GeneralEducationHandler for major ID: 1
2024-10-12 15:36:21,781 - models.general_education_handler - INFO - Fetching all general education courses for major ID: 1
2024-10-12 15:36:21,781 - models.general_education_handler - INFO - Fetching compulsory courses for major ID: 1
2024-10-12 15:36:21,781 - models.general_education_handler - ERROR - Error fetching courses from bio_general_education for course_code: Not an executable object: 'SELECT course_code, course_name, credits FROM bio_general_education WHERE course_code IN :values'
2024-10-12 15:36:21,781 - models.general_education_handler - INFO - Fetching religious courses for major ID: 1
2024-10-12 15:36:21,781 - models.general_education_handler - ERROR - Error fetching courses from bio_general_education for course_code: Not an executable object: 'SELECT course_code, course_name, credits FROM bio_general_education WHERE course_code IN :values'
2024-10-12 15:36:21,781 - models.general_education_handler - INFO - Fetching humanities courses for major ID: 1
2024-10-12 15:36:21,781 - models.general_education_handler - ERROR - Error fetching courses from bio_general_education for course_code: Not an executable object: 'SELECT course_code, course_name, credits FROM bio_general_education WHERE course_code IN :values'
2024-10-12 15:36:21,781 - models.general_education_handler - INFO - Fetching social science courses for major ID: 1
2024-10-12 15:36:21,781 - models.general_education_handler - ERROR - Error fetching courses from bio_general_education for course_code: Not an executable object: 'SELECT course_code, course_name, credits FROM bio_general_education WHERE course_code IN :values'
2024-10-12 15:36:21,781 - models.general_education_handler - INFO - Fetching science lab courses for major ID: 1
2024-10-12 15:36:21,781 - models.general_education_handler - ERROR - Error fetching courses from bio_general_education for course_code: Not an executable object: 'SELECT course_code, course_name, credits FROM bio_general_education WHERE course_code IN :values'
2024-10-12 15:36:21,781 - models.general_education_handler - INFO - Fetching math courses for major ID: 1
2024-10-12 15:36:21,781 - models.general_education_handler - WARNING - No values provided or general table not found for major ID: 1
2024-10-12 15:36:21,781 - models.general_education_handler - INFO - Fetching computer science courses for major ID: 1
2024-10-12 15:36:21,781 - models.general_education_handler - WARNING - No values provided or general table not found for major ID: 1
2024-10-12 15:36:21,781 - models.general_education_handler - INFO - Fetching additional general education courses for major ID: 1
2024-10-12 15:36:21,781 - models.general_education_handler - WARNING - No values provided or general table not found for major ID: 1
2024-10-12 15:36:21,781 - models.general_education_handler - INFO - Generated remaining general education requirements for major ID: 1
2024-10-12 15:36:21,781 - models.general_education_handler - INFO - Initialized GeneralEducationHandler for major ID: 1
2024-10-12 15:39:09,622 - models.general_education_handler - INFO - Initialized GeneralEducationHandler for major ID: 1
2024-10-12 15:39:09,631 - models.general_education_handler - INFO - Fetching all general education courses for major ID: 1
2024-10-12 15:39:09,631 - models.general_education_handler - INFO - Fetching compulsory courses for major ID: 1
2024-10-12 15:39:09,632 - models.general_education_handler - ERROR - Error fetching courses from bio_general_education for course_code: Not an executable object: 'SELECT course_code, course_name, credits FROM bio_general_education WHERE course_code IN :values'
2024-10-12 15:39:09,632 - models.general_education_handler - INFO - Fetching religious courses for major ID: 1
2024-10-12 15:39:09,632 - models.general_education_handler - ERROR - Error fetching courses from bio_general_education for course_code: Not an executable object: 'SELECT course_code, course_name, credits FROM bio_general_education WHERE course_code IN :values'
2024-10-12 15:39:09,632 - models.general_education_handler - INFO - Fetching humanities courses for major ID: 1
2024-10-12 15:39:09,632 - models.general_education_handler - ERROR - Error fetching courses from bio_general_education for course_code: Not an executable object: 'SELECT course_code, course_name, credits FROM bio_general_education WHERE course_code IN :values'
2024-10-12 15:39:09,632 - models.general_education_handler - INFO - Fetching social science courses for major ID: 1
2024-10-12 15:39:09,633 - models.general_education_handler - ERROR - Error fetching courses from bio_general_education for course_code: Not an executable object: 'SELECT course_code, course_name, credits FROM bio_general_education WHERE course_code IN :values'
2024-10-12 15:39:09,633 - models.general_education_handler - INFO - Fetching science lab courses for major ID: 1
2024-10-12 15:39:09,633 - models.general_education_handler - ERROR - Error fetching courses from bio_general_education for course_code: Not an executable object: 'SELECT course_code, course_name, credits FROM bio_general_education WHERE course_code IN :values'
2024-10-12 15:39:09,633 - models.general_education_handler - INFO - Fetching math courses for major ID: 1
2024-10-12 15:39:09,633 - models.general_education_handler - WARNING - No values provided or general table not found for major ID: 1
2024-10-12 15:39:09,633 - models.general_education_handler - INFO - Fetching computer science courses for major ID: 1
2024-10-12 15:39:09,633 - models.general_education_handler - WARNING - No values provided or general table not found for major ID: 1
2024-10-12 15:39:09,633 - models.general_education_handler - INFO - Fetching additional general education courses for major ID: 1
2024-10-12 15:39:09,633 - models.general_education_handler - WARNING - No values provided or general table not found for major ID: 1
2024-10-12 15:39:09,633 - models.general_education_handler - INFO - Generated remaining general education requirements for major ID: 1
2024-10-12 15:39:09,633 - models.general_education_handler - INFO - Initialized GeneralEducationHandler for major ID: 1
2024-10-12 15:39:12,047 - models.general_education_handler - INFO - Initialized GeneralEducationHandler for major ID: 1
2024-10-12 15:39:12,049 - models.general_education_handler - INFO - Fetching all general education courses for major ID: 1
2024-10-12 15:39:12,049 - models.general_education_handler - INFO - Fetching compulsory courses for major ID: 1
2024-10-12 15:39:12,049 - models.general_education_handler - ERROR - Error fetching courses from bio_general_education for course_code: Not an executable object: 'SELECT course_code, course_name, credits FROM bio_general_education WHERE course_code IN :values'
2024-10-12 15:39:12,050 - models.general_education_handler - INFO - Fetching religious courses for major ID: 1
2024-10-12 15:39:12,050 - models.general_education_handler - ERROR - Error fetching courses from bio_general_education for course_code: Not an executable object: 'SELECT course_code, course_name, credits FROM bio_general_education WHERE course_code IN :values'
2024-10-12 15:39:12,050 - models.general_education_handler - INFO - Fetching humanities courses for major ID: 1
2024-10-12 15:39:12,050 - models.general_education_handler - ERROR - Error fetching courses from bio_general_education for course_code: Not an executable object: 'SELECT course_code, course_name, credits FROM bio_general_education WHERE course_code IN :values'
2024-10-12 15:39:12,050 - models.general_education_handler - INFO - Fetching social science courses for major ID: 1
2024-10-12 15:39:12,050 - models.general_education_handler - ERROR - Error fetching courses from bio_general_education for course_code: Not an executable object: 'SELECT course_code, course_name, credits FROM bio_general_education WHERE course_code IN :values'
2024-10-12 15:39:12,050 - models.general_education_handler - INFO - Fetching science lab courses for major ID: 1
2024-10-12 15:39:12,050 - models.general_education_handler - ERROR - Error fetching courses from bio_general_education for course_code: Not an executable object: 'SELECT course_code, course_name, credits FROM bio_general_education WHERE course_code IN :values'
2024-10-12 15:39:12,050 - models.general_education_handler - INFO - Fetching math courses for major ID: 1
2024-10-12 15:39:12,050 - models.general_education_handler - WARNING - No values provided or general table not found for major ID: 1
2024-10-12 15:39:12,050 - models.general_education_handler - INFO - Fetching computer science courses for major ID: 1
2024-10-12 15:39:12,050 - models.general_education_handler - WARNING - No values provided or general table not found for major ID: 1
2024-10-12 15:39:12,050 - models.general_education_handler - INFO - Fetching additional general education courses for major ID: 1
2024-10-12 15:39:12,050 - models.general_education_handler - WARNING - No values provided or general table not found for major ID: 1
2024-10-12 15:39:12,051 - models.general_education_handler - INFO - Generated remaining general education requirements for major ID: 1
2024-10-12 15:39:12,051 - models.general_education_handler - INFO - Initialized GeneralEducationHandler for major ID: 1
2024-10-12 17:08:35,292 - models.general_education_handler - INFO - Initialized GeneralEducationHandler for major ID: 1
2024-10-12 17:08:35,300 - models.general_education_handler - INFO - Fetching all general education courses for major ID: 1
2024-10-12 17:08:35,300 - models.general_education_handler - INFO - Fetching compulsory courses for major ID: 1
2024-10-12 17:08:35,301 - models.general_education_handler - ERROR - Error fetching courses from bio_general_education for course_code: Not an executable object: 'SELECT course_code, course_name, credits FROM bio_general_education WHERE course_code IN :values'
2024-10-12 17:08:35,301 - models.general_education_handler - INFO - Fetching religious courses for major ID: 1
2024-10-12 17:08:35,301 - models.general_education_handler - ERROR - Error fetching courses from bio_general_education for course_code: Not an executable object: 'SELECT course_code, course_name, credits FROM bio_general_education WHERE course_code IN :values'
2024-10-12 17:08:35,301 - models.general_education_handler - INFO - Fetching humanities courses for major ID: 1
2024-10-12 17:08:35,301 - models.general_education_handler - ERROR - Error fetching courses from bio_general_education for course_code: Not an executable object: 'SELECT course_code, course_name, credits FROM bio_general_education WHERE course_code IN :values'
2024-10-12 17:08:35,301 - models.general_education_handler - INFO - Fetching social science courses for major ID: 1
2024-10-12 17:08:35,301 - models.general_education_handler - ERROR - Error fetching courses from bio_general_education for course_code: Not an executable object: 'SELECT course_code, course_name, credits FROM bio_general_education WHERE course_code IN :values'
2024-10-12 17:08:35,301 - models.general_education_handler - INFO - Fetching science lab courses for major ID: 1
2024-10-12 17:08:35,301 - models.general_education_handler - ERROR - Error fetching courses from bio_general_education for course_code: Not an executable object: 'SELECT course_code, course_name, credits FROM bio_general_education WHERE course_code IN :values'
2024-10-12 17:08:35,301 - models.general_education_handler - INFO - Fetching math courses for major ID: 1
2024-10-12 17:08:35,301 - models.general_education_handler - WARNING - No values provided or general table not found for major ID: 1
2024-10-12 17:08:35,301 - models.general_education_handler - INFO - Fetching computer science courses for major ID: 1
2024-10-12 17:08:35,301 - models.general_education_handler - WARNING - No values provided or general table not found for major ID: 1
2024-10-12 17:08:35,302 - models.general_education_handler - INFO - Fetching additional general education courses for major ID: 1
2024-10-12 17:08:35,302 - models.general_education_handler - WARNING - No values provided or general table not found for major ID: 1
2024-10-12 17:08:35,302 - models.general_education_handler - INFO - Generated remaining general education requirements for major ID: 1
2024-10-12 17:08:35,302 - models.general_education_handler - INFO - Initialized GeneralEducationHandler for major ID: 1
2024-10-12 17:16:10,684 - models.general_education_handler - INFO - Initialized GeneralEducationHandler for major ID: 1
2024-10-12 17:16:10,701 - models.general_education_handler - INFO - Fetching all general education courses for major ID: 1
2024-10-12 17:16:10,701 - models.general_education_handler - INFO - Fetching compulsory courses for major ID: 1
2024-10-12 17:16:10,701 - models.general_education_handler - ERROR - Error fetching courses from bio_general_education for course_code: Not an executable object: 'SELECT course_code, course_name, credits FROM bio_general_education WHERE course_code IN :values'
2024-10-12 17:16:10,701 - models.general_education_handler - INFO - Fetching religious courses for major ID: 1
2024-10-12 17:16:10,701 - models.general_education_handler - ERROR - Error fetching courses from bio_general_education for course_code: Not an executable object: 'SELECT course_code, course_name, credits FROM bio_general_education WHERE course_code IN :values'
2024-10-12 17:16:10,701 - models.general_education_handler - INFO - Fetching humanities courses for major ID: 1
2024-10-12 17:16:10,701 - models.general_education_handler - ERROR - Error fetching courses from bio_general_education for course_code: Not an executable object: 'SELECT course_code, course_name, credits FROM bio_general_education WHERE course_code IN :values'
2024-10-12 17:16:10,701 - models.general_education_handler - INFO - Fetching social science courses for major ID: 1
2024-10-12 17:16:10,701 - models.general_education_handler - ERROR - Error fetching courses from bio_general_education for course_code: Not an executable object: 'SELECT course_code, course_name, credits FROM bio_general_education WHERE course_code IN :values'
2024-10-12 17:16:10,702 - models.general_education_handler - INFO - Fetching science lab courses for major ID: 1
2024-10-12 17:16:10,702 - models.general_education_handler - ERROR - Error fetching courses from bio_general_education for course_code: Not an executable object: 'SELECT course_code, course_name, credits FROM bio_general_education WHERE course_code IN :values'
2024-10-12 17:16:10,702 - models.general_education_handler - INFO - Fetching math courses for major ID: 1
2024-10-12 17:16:10,702 - models.general_education_handler - WARNING - No values provided or general table not found for major ID: 1
2024-10-12 17:16:10,702 - models.general_education_handler - INFO - Fetching computer science courses for major ID: 1
2024-10-12 17:16:10,702 - models.general_education_handler - WARNING - No values provided or general table not found for major ID: 1
2024-10-12 17:16:10,702 - models.general_education_handler - INFO - Fetching additional general education courses for major ID: 1
2024-10-12 17:16:10,702 - models.general_education_handler - WARNING - No values provided or general table not found for major ID: 1
2024-10-12 17:16:10,702 - models.general_education_handler - INFO - Generated remaining general education requirements for major ID: 1
2024-10-12 17:16:10,702 - models.general_education_handler - INFO - Initialized GeneralEducationHandler for major ID: 1
2024-10-12 17:35:59,288 - models.general_education_handler - INFO - Initialized GeneralEducationHandler for major ID: 1
2024-10-12 17:36:04,913 - models.general_education_handler - INFO - Initialized GeneralEducationHandler for major ID: 1
2024-10-12 17:43:13,768 - models.general_education_handler - INFO - Initialized GeneralEducationHandler for major ID: None
2024-10-12 17:47:41,704 - models.general_education_handler - INFO - Initialized GeneralEducationHandler for major ID: None
2024-10-12 17:51:16,711 - models.general_education_handler - INFO - Initialized GeneralEducationHandler for major ID: None
2024-10-12 17:52:56,577 - models.general_education_handler - INFO - Initialized GeneralEducationHandler for major ID: None
2024-10-12 17:53:38,486 - models.general_education_handler - INFO - Initialized GeneralEducationHandler for major ID: None
2024-10-12 17:55:51,384 - models.general_education_handler - INFO - Initialized GeneralEducationHandler for major ID: None
2024-10-12 17:58:21,571 - models.general_education_handler - INFO - Initialized GeneralEducationHandler for major ID: None
2024-10-12 18:03:36,180 - models.general_education_handler - INFO - Initialized GeneralEducationHandler for major ID: 1
2024-10-12 18:11:23,361 - models.general_education_handler - INFO - Initialized GeneralEducationHandler for major ID: 1
2024-10-12 18:12:03,396 - models.general_education_handler - INFO - Initialized GeneralEducationHandler for major ID: 1
2024-10-12 18:13:52,006 - models.general_education_handler - INFO - Initialized GeneralEducationHandler for major ID: 1
2024-10-12 18:14:59,953 - models.general_education_handler - INFO - Initialized GeneralEducationHandler for major ID: 1
2024-10-12 18:15:48,900 - models.general_education_handler - INFO - Initialized GeneralEducationHandler for major ID: 1
2024-10-12 18:25:20,887 - models.general_education_handler - INFO - Initialized GeneralEducationHandler for major ID: 1
2024-10-12 18:25:27,695 - models.general_education_handler - INFO - Initialized GeneralEducationHandler for major ID: 1
2024-10-12 18:28:29,624 - models.general_education_handler - INFO - Initialized GeneralEducationHandler for major ID: 1
2024-10-12 18:28:32,932 - models.general_education_handler - INFO - Initialized GeneralEducationHandler for major ID: 1
2024-10-12 18:28:42,513 - models.general_education_handler - INFO - Initialized GeneralEducationHandler for major ID: 1
2024-10-12 18:30:42,750 - models.general_education_handler - INFO - Initialized GeneralEducationHandler for major ID: 1
2024-10-12 18:31:06,887 - models.general_education_handler - INFO - Initialized GeneralEducationHandler for major ID: 1
2024-10-12 18:35:52,034 - models.general_education_handler - INFO - Initialized GeneralEducationHandler for major ID: 1
2024-10-12 18:40:30,060 - models.general_education_handler - INFO - Initialized GeneralEducationHandler for major ID: 1
2024-10-12 18:40:40,685 - models.general_education_handler - INFO - Initialized GeneralEducationHandler for major ID: 1
2024-10-12 18:42:16,613 - models.general_education_handler - INFO - Initialized GeneralEducationHandler for major ID: 1
2024-10-12 18:43:10,719 - models.general_education_handler - INFO - Initialized GeneralEducationHandler for major ID: 1
2024-10-12 18:44:08,584 - models.general_education_handler - INFO - Initialized GeneralEducationHandler for major ID: 1
2024-10-12 18:45:30,270 - models.general_education_handler - INFO - Initialized GeneralEducationHandler for major ID: 1
2024-10-12 18:45:53,626 - models.general_education_handler - INFO - Initialized GeneralEducationHandler for major ID: 1
2024-10-12 18:47:13,548 - models.general_education_handler - INFO - Initialized GeneralEducationHandler for major ID: 1
2024-10-12 18:48:25,035 - models.general_education_handler - INFO - Initialized GeneralEducationHandler for major ID: 1
2024-10-12 18:54:08,797 - models.general_education_handler - INFO - Initialized GeneralEducationHandler for major ID: None
2024-10-12 18:55:08,661 - models.general_education_handler - INFO - Initialized GeneralEducationHandler for major ID: None
2024-10-12 18:55:29,992 - models.general_education_handler - INFO - Initialized GeneralEducationHandler for major ID: 1
2024-10-12 19:02:28,475 - models.general_education_handler - INFO - Initialized GeneralEducationHandler for major ID: 1
2024-10-12 19:03:31,993 - models.general_education_handler - INFO - Initialized GeneralEducationHandler for major ID: 1
2024-10-12 19:15:26,291 - models.general_education_handler - INFO - Initialized GeneralEducationHandler for major ID: 1
2024-10-12 19:16:35,495 - models.general_education_handler - INFO - Initialized GeneralEducationHandler for major ID: 1
2024-10-12 19:19:57,254 - models.general_education_handler - INFO - Initialized GeneralEducationHandler for major ID: 1
2024-10-12 19:21:13,136 - models.general_education_handler - INFO - Initialized GeneralEducationHandler for major ID: 1
2024-10-12 19:22:35,642 - models.general_education_handler - INFO - Initialized GeneralEducationHandler for major ID: 1
2024-10-12 19:27:07,088 - models.general_education_handler - INFO - Initialized GeneralEducationHandler for major ID: 1
2024-10-12 19:27:42,228 - models.general_education_handler - INFO - Initialized GeneralEducationHandler for major ID: 1
2024-10-12 19:28:00,406 - models.general_education_handler - INFO - Initialized GeneralEducationHandler for major ID: 1
2024-10-12 19:29:41,384 - models.general_education_handler - INFO - Initialized GeneralEducationHandler for major ID: 1
2024-10-12 19:34:56,072 - models.general_education_handler - INFO - Initialized GeneralEducationHandler for major ID: 1
2024-10-12 19:36:13,145 - models.general_education_handler - INFO - Initialized GeneralEducationHandler for major ID: 1
2024-10-12 19:42:58,540 - models.general_education_handler - INFO - Initialized GeneralEducationHandler for major ID: 1
2024-10-12 19:49:14,195 - models.general_education_handler - INFO - Initialized GeneralEducationHandler for major ID: 1
2024-10-12 19:50:32,478 - models.general_education_handler - INFO - Initialized GeneralEducationHandler for major ID: 1
2024-10-12 19:51:56,273 - models.general_education_handler - INFO - Initialized GeneralEducationHandler for major ID: 1
2024-10-12 19:52:50,627 - models.general_education_handler - INFO - Initialized GeneralEducationHandler for major ID: 1
2024-10-12 19:54:34,515 - models.general_education_handler - INFO - Initialized GeneralEducationHandler for major ID: 1
2024-10-12 19:55:44,400 - models.general_education_handler - INFO - Initialized GeneralEducationHandler for major ID: 1
2024-10-12 19:57:03,375 - models.general_education_handler - INFO - Initialized GeneralEducationHandler for major ID: 1
2024-10-12 19:59:15,248 - models.general_education_handler - INFO - Initialized GeneralEducationHandler for major ID: 1
2024-10-12 20:01:40,480 - models.general_education_handler - INFO - Initialized GeneralEducationHandler for major ID: 1
2024-10-12 20:03:16,429 - models.general_education_handler - INFO - Initialized GeneralEducationHandler for major ID: 1
2024-10-12 20:05:16,393 - models.general_education_handler - INFO - Initialized GeneralEducationHandler for major ID: 1
2024-10-12 20:11:43,930 - models.general_education_handler - INFO - Initialized GeneralEducationHandler for major ID: 1
2024-10-12 20:11:46,134 - models.general_education_handler - INFO - Initialized GeneralEducationHandler for major ID: 1
2024-10-12 20:13:32,391 - models.general_education_handler - INFO - Initialized GeneralEducationHandler for major ID: 1
2024-10-12 20:14:31,673 - models.general_education_handler - INFO - Initialized GeneralEducationHandler for major ID: 1
2024-10-12 20:15:07,791 - models.general_education_handler - INFO - Initialized GeneralEducationHandler for major ID: 1
2024-10-12 20:15:31,666 - models.general_education_handler - INFO - Initialized GeneralEducationHandler for major ID: 1
2024-10-12 20:16:02,035 - models.general_education_handler - INFO - Initialized GeneralEducationHandler for major ID: 1
2024-10-12 20:16:33,826 - models.general_education_handler - INFO - Initialized GeneralEducationHandler for major ID: 1
2024-10-12 20:17:06,338 - models.general_education_handler - INFO - Initialized GeneralEducationHandler for major ID: 1
2024-10-12 20:18:00,880 - models.general_education_handler - INFO - Initialized GeneralEducationHandler for major ID: 1
2024-10-12 21:13:19,057 - models.general_education_handler - INFO - Initialized GeneralEducationHandler for major ID: 1
2024-10-12 21:17:07,110 - models.general_education_handler - INFO - Initialized GeneralEducationHandler for major ID: 1
2024-10-12 21:19:38,946 - models.general_education_handler - INFO - Initialized GeneralEducationHandler for major ID: 1
2024-10-12 21:27:54,170 - models.general_education_handler - INFO - Initialized GeneralEducationHandler for major ID: 1
2024-10-12 21:28:13,178 - models.general_education_handler - INFO - Initialized GeneralEducationHandler for major ID: 1
2024-10-12 21:31:28,255 - models.general_education_handler - INFO - Initialized GeneralEducationHandler for major ID: 1
2024-10-12 21:37:08,842 - models.general_education_handler - INFO - Initialized GeneralEducationHandler for major ID: 1
2024-10-12 21:39:36,521 - models.general_education_handler - INFO - Initialized GeneralEducationHandler for major ID: 1
2024-10-12 21:43:37,158 - models.general_education_handler - INFO - Initialized GeneralEducationHandler for major ID: 1
2024-10-12 21:45:12,101 - models.general_education_handler - INFO - Initialized GeneralEducationHandler for major ID: 1
2024-10-12 21:45:42,780 - models.general_education_handler - INFO - Initialized GeneralEducationHandler for major ID: 1
2024-10-12 21:45:55,360 - models.general_education_handler - INFO - Initialized GeneralEducationHandler for major ID: 1
2024-10-12 21:47:15,642 - models.general_education_handler - INFO - Initialized GeneralEducationHandler for major ID: 1
2024-10-12 21:49:28,728 - models.general_education_handler - INFO - Initialized GeneralEducationHandler for major ID: 1
2024-10-12 21:51:18,601 - models.general_education_handler - INFO - Initialized GeneralEducationHandler for major ID: 1
2024-10-12 21:51:43,349 - models.general_education_handler - INFO - Initialized GeneralEducationHandler for major ID: 15
2024-10-12 21:53:38,566 - models.general_education_handler - INFO - Initialized GeneralEducationHandler for major ID: 15
2024-10-12 22:01:25,499 - models.general_education_handler - INFO - Initialized GeneralEducationHandler for major ID: 8
2024-10-12 22:01:42,309 - models.general_education_handler - INFO - Initialized GeneralEducationHandler for major ID: None
2024-10-12 22:02:18,895 - models.general_education_handler - INFO - Initialized GeneralEducationHandler for major ID: None
2024-10-13 00:35:34,887 - models.general_education_handler - INFO - Initialized GeneralEducationHandler for major ID: 1
2024-10-13 00:36:23,811 - models.general_education_handler - INFO - Initialized GeneralEducationHandler for major ID: 2
2024-10-13 00:36:55,120 - models.general_education_handler - INFO - Initialized GeneralEducationHandler for major ID: 23
2024-10-13 00:37:32,940 - models.general_education_handler - INFO - Initialized GeneralEducationHandler for major ID: 23
2024-10-13 00:37:45,408 - models.general_education_handler - INFO - Initialized GeneralEducationHandler for major ID: 23
2024-10-13 00:38:03,275 - models.general_education_handler - INFO - Initialized GeneralEducationHandler for major ID: 23
2024-10-13 00:38:18,610 - models.general_education_handler - INFO - Initialized GeneralEducationHandler for major ID: 23
2024-10-13 00:38:30,003 - models.general_education_handler - INFO - Initialized GeneralEducationHandler for major ID: 1
2024-10-13 00:38:48,403 - models.general_education_handler - INFO - Initialized GeneralEducationHandler for major ID: 1
2024-10-13 00:48:54,072 - models.general_education_handler - INFO - Initialized GeneralEducationHandler for major ID: 1
2024-10-13 02:50:59,120 - models.general_education_handler - INFO - Initialized GeneralEducationHandler for major ID: 1
2024-10-13 02:55:37,871 - models.general_education_handler - INFO - Initialized GeneralEducationHandler for major ID: 1
2024-10-13 02:56:42,974 - models.general_education_handler - INFO - Initialized GeneralEducationHandler for major ID: 1
2024-10-13 02:58:23,708 - models.general_education_handler - INFO - Initialized GeneralEducationHandler for major ID: 1
2024-10-13 03:00:16,840 - models.general_education_handler - INFO - Initialized GeneralEducationHandler for major ID: 1
2024-10-13 03:04:11,214 - models.general_education_handler - INFO - Initialized GeneralEducationHandler for major ID: 1
2024-10-13 03:04:14,439 - models.general_education_handler - INFO - Initialized GeneralEducationHandler for major ID: 1
2024-10-13 03:06:34,321 - models.general_education_handler - INFO - Initialized GeneralEducationHandler for major ID: 1
2024-10-13 03:10:06,747 - models.general_education_handler - INFO - Initialized GeneralEducationHandler for major ID: 1
2024-10-13 03:11:04,843 - models.general_education_handler - INFO - Initialized GeneralEducationHandler for major ID: 1
2024-10-13 03:11:06,390 - models.general_education_handler - INFO - Initialized GeneralEducationHandler for major ID: 1
2024-10-13 03:13:02,142 - models.general_education_handler - INFO - Initialized GeneralEducationHandler for major ID: 1
2024-10-13 03:13:25,993 - models.general_education_handler - INFO - Initialized GeneralEducationHandler for major ID: 1
2024-10-13 03:13:27,634 - models.general_education_handler - INFO - Initialized GeneralEducationHandler for major ID: 1
2024-10-13 03:15:54,621 - models.general_education_handler - INFO - Initialized GeneralEducationHandler for major ID: 1
2024-10-13 03:16:38,600 - models.general_education_handler - INFO - Initialized GeneralEducationHandler for major ID: 1
2024-10-13 03:17:23,778 - models.general_education_handler - INFO - Initialized GeneralEducationHandler for major ID: 1
2024-10-13 03:18:02,446 - models.general_education_handler - INFO - Initialized GeneralEducationHandler for major ID: 1
2024-10-13 03:19:33,391 - models.general_education_handler - INFO - Initialized GeneralEducationHandler for major ID: 1
2024-10-13 03:21:24,912 - models.general_education_handler - INFO - Initialized GeneralEducationHandler for major ID: 1
2024-10-13 03:22:50,664 - models.general_education_handler - INFO - Initialized GeneralEducationHandler for major ID: 1
2024-10-13 03:23:30,087 - models.general_education_handler - INFO - Initialized GeneralEducationHandler for major ID: 1
2024-10-13 03:24:04,310 - models.general_education_handler - INFO - Initialized GeneralEducationHandler for major ID: 1
2024-10-13 03:25:48,448 - models.general_education_handler - INFO - Initialized GeneralEducationHandler for major ID: 1
2024-10-13 03:26:42,481 - models.general_education_handler - INFO - Initialized GeneralEducationHandler for major ID: 1
