2024-10-16 19:00:07,793 - models.student_data_handler - INFO - Initialized StudentDataHandler for Major: Computer Science (ID: 1)
2024-10-16 19:00:07,794 - models.student_data_handler - INFO - Completed courses from transcript: [{'course_code': 'COMP101', 'course_name': 'Introduction to Computer Science', 'grade': 'A'}, {'course_code': 'WRCM101', 'course_name': 'Writing Skills', 'grade': 'B'}]
2024-10-16 19:00:07,794 - models.student_data_handler - INFO - Initialized StudentDataHandler for Major: Computer Science (ID: 1)
2024-10-16 19:00:07,794 - models.student_data_handler - ERROR - Error fetching required courses: Working outside of application context.

This typically means that you attempted to use functionality that needed
the current application. To solve this, set up an application context
with app.app_context(). See the documentation for more information.
2024-10-16 19:00:07,892 - models.student_data_handler - INFO - Initialized StudentDataHandler for Major: Computer Science (ID: 1)
2024-10-16 19:00:07,893 - models.student_data_handler - INFO - Completed courses from transcript: [{'course_code': 'COMP101', 'course_name': 'Introduction to Computer Science', 'grade': 'A'}, {'course_code': 'WRCM101', 'course_name': 'Writing Skills', 'grade': 'B'}]
2024-10-16 19:00:07,894 - models.student_data_handler - ERROR - Error fetching required courses: Working outside of application context.

This typically means that you attempted to use functionality that needed
the current application. To solve this, set up an application context
with app.app_context(). See the documentation for more information.
2024-10-16 19:00:07,894 - models.student_data_handler - INFO - Prepared data for GPT input: {'completed_courses': [{'course_code': 'COMP101', 'course_name': 'Introduction to Computer Science', 'grade': 'A'}, {'course_code': 'WRCM101', 'course_name': 'Writing Skills', 'grade': 'B'}], 'required_courses': {}, 'gpa': 3.5, 'cgpa': 3.2, 'major_name': 'Computer Science'}
2024-10-16 19:00:27,390 - models.student_data_handler - INFO - Initialized StudentDataHandler for Major: Computer Science (ID: 1)
2024-10-16 19:00:27,390 - models.student_data_handler - INFO - Completed courses from transcript: [{'course_code': 'COMP101', 'course_name': 'Introduction to Computer Science', 'grade': 'A'}, {'course_code': 'WRCM101', 'course_name': 'Writing Skills', 'grade': 'B'}]
2024-10-16 19:00:27,390 - models.student_data_handler - INFO - Initialized StudentDataHandler for Major: Computer Science (ID: 1)
2024-10-16 19:00:27,390 - models.student_data_handler - ERROR - Error fetching required courses: Working outside of application context.

This typically means that you attempted to use functionality that needed
the current application. To solve this, set up an application context
with app.app_context(). See the documentation for more information.
2024-10-16 19:00:27,484 - models.student_data_handler - INFO - Initialized StudentDataHandler for Major: Computer Science (ID: 1)
2024-10-16 19:00:27,484 - models.student_data_handler - INFO - Completed courses from transcript: [{'course_code': 'COMP101', 'course_name': 'Introduction to Computer Science', 'grade': 'A'}, {'course_code': 'WRCM101', 'course_name': 'Writing Skills', 'grade': 'B'}]
2024-10-16 19:00:27,484 - models.student_data_handler - ERROR - Error fetching required courses: Working outside of application context.

This typically means that you attempted to use functionality that needed
the current application. To solve this, set up an application context
with app.app_context(). See the documentation for more information.
2024-10-16 19:00:27,484 - models.student_data_handler - INFO - Prepared data for GPT input: {'completed_courses': [{'course_code': 'COMP101', 'course_name': 'Introduction to Computer Science', 'grade': 'A'}, {'course_code': 'WRCM101', 'course_name': 'Writing Skills', 'grade': 'B'}], 'required_courses': {}, 'gpa': 3.5, 'cgpa': 3.2, 'major_name': 'Computer Science'}
2024-10-16 19:01:12,656 - models.student_data_handler - INFO - Initialized StudentDataHandler for Major: Computer Science (ID: 1)
2024-10-16 19:01:12,656 - models.student_data_handler - INFO - Completed courses from transcript: [{'course_code': 'COMP101', 'course_name': 'Introduction to Computer Science', 'grade': 'A'}, {'course_code': 'WRCM101', 'course_name': 'Writing Skills', 'grade': 'B'}]
2024-10-16 19:01:12,656 - models.student_data_handler - INFO - Initialized StudentDataHandler for Major: Computer Science (ID: 1)
2024-10-16 19:01:12,662 - models.student_data_handler - ERROR - Error fetching required courses: Working outside of application context.

This typically means that you attempted to use functionality that needed
the current application. To solve this, set up an application context
with app.app_context(). See the documentation for more information.
2024-10-16 19:01:12,741 - models.student_data_handler - INFO - Initialized StudentDataHandler for Major: Computer Science (ID: 1)
2024-10-16 19:01:12,741 - models.student_data_handler - INFO - Completed courses from transcript: [{'course_code': 'COMP101', 'course_name': 'Introduction to Computer Science', 'grade': 'A'}, {'course_code': 'WRCM101', 'course_name': 'Writing Skills', 'grade': 'B'}]
2024-10-16 19:01:12,757 - models.student_data_handler - ERROR - Error fetching required courses: Working outside of application context.

This typically means that you attempted to use functionality that needed
the current application. To solve this, set up an application context
with app.app_context(). See the documentation for more information.
2024-10-16 19:01:12,757 - models.student_data_handler - INFO - Prepared data for GPT input: {'completed_courses': [{'course_code': 'COMP101', 'course_name': 'Introduction to Computer Science', 'grade': 'A'}, {'course_code': 'WRCM101', 'course_name': 'Writing Skills', 'grade': 'B'}], 'required_courses': {}, 'gpa': 3.5, 'cgpa': 3.2, 'major_name': 'Computer Science'}
2024-10-16 19:02:31,586 - models.student_data_handler - INFO - Initialized StudentDataHandler for Major: Computer Science (ID: 1)
2024-10-16 19:02:31,586 - models.student_data_handler - INFO - Completed courses from transcript: [{'course_code': 'COMP101', 'course_name': 'Introduction to Computer Science', 'grade': 'A'}, {'course_code': 'WRCM101', 'course_name': 'Writing Skills', 'grade': 'B'}]
2024-10-16 19:02:31,589 - models.student_data_handler - INFO - Initialized StudentDataHandler for Major: Computer Science (ID: 1)
2024-10-16 19:02:31,589 - models.student_data_handler - ERROR - Error fetching required courses: Working outside of application context.

This typically means that you attempted to use functionality that needed
the current application. To solve this, set up an application context
with app.app_context(). See the documentation for more information.
2024-10-16 19:02:31,760 - models.student_data_handler - INFO - Initialized StudentDataHandler for Major: Computer Science (ID: 1)
2024-10-16 19:02:31,760 - models.student_data_handler - INFO - Completed courses from transcript: [{'course_code': 'COMP101', 'course_name': 'Introduction to Computer Science', 'grade': 'A'}, {'course_code': 'WRCM101', 'course_name': 'Writing Skills', 'grade': 'B'}]
2024-10-16 19:02:31,761 - models.student_data_handler - ERROR - Error fetching required courses: Working outside of application context.

This typically means that you attempted to use functionality that needed
the current application. To solve this, set up an application context
with app.app_context(). See the documentation for more information.
2024-10-16 19:02:31,761 - models.student_data_handler - INFO - Prepared data for GPT input: {'completed_courses': [{'course_code': 'COMP101', 'course_name': 'Introduction to Computer Science', 'grade': 'A'}, {'course_code': 'WRCM101', 'course_name': 'Writing Skills', 'grade': 'B'}], 'required_courses': {}, 'gpa': 3.5, 'cgpa': 3.2, 'major_name': 'Computer Science'}
2024-10-16 19:05:49,046 - models.student_data_handler - INFO - Initialized StudentDataHandler for Major: Computer Science (ID: 1)
2024-10-16 19:05:49,046 - models.student_data_handler - INFO - Completed courses from transcript: [{'course_code': 'COMP101', 'course_name': 'Introduction to Computer Science', 'grade': 'A'}, {'course_code': 'WRCM101', 'course_name': 'Writing Skills', 'grade': 'B'}]
2024-10-16 19:05:49,046 - models.student_data_handler - INFO - Initialized StudentDataHandler for Major: Computer Science (ID: 1)
2024-10-16 19:05:49,046 - models.student_data_handler - INFO - Completed courses from transcript: [{'course_code': 'COMP101', 'course_name': 'Introduction to Computer Science', 'grade': 'A'}, {'course_code': 'WRCM101', 'course_name': 'Writing Skills', 'grade': 'B'}]
2024-10-16 19:05:49,046 - models.student_data_handler - ERROR - Error fetching required courses: Working outside of application context.

This typically means that you attempted to use functionality that needed
the current application. To solve this, set up an application context
with app.app_context(). See the documentation for more information.
2024-10-16 19:05:49,153 - models.student_data_handler - INFO - Initialized StudentDataHandler for Major: Computer Science (ID: 1)
2024-10-16 19:05:49,153 - models.student_data_handler - INFO - Completed courses from transcript: [{'course_code': 'COMP101', 'course_name': 'Introduction to Computer Science', 'grade': 'A'}, {'course_code': 'WRCM101', 'course_name': 'Writing Skills', 'grade': 'B'}]
2024-10-16 19:05:49,153 - models.student_data_handler - INFO - Completed courses from transcript: [{'course_code': 'COMP101', 'course_name': 'Introduction to Computer Science', 'grade': 'A'}, {'course_code': 'WRCM101', 'course_name': 'Writing Skills', 'grade': 'B'}]
2024-10-16 19:05:49,153 - models.student_data_handler - ERROR - Error fetching required courses: Working outside of application context.

This typically means that you attempted to use functionality that needed
the current application. To solve this, set up an application context
with app.app_context(). See the documentation for more information.
2024-10-16 19:05:49,153 - models.student_data_handler - INFO - Prepared data for GPT input: {'completed_courses': [{'course_code': 'COMP101', 'course_name': 'Introduction to Computer Science', 'grade': 'A'}, {'course_code': 'WRCM101', 'course_name': 'Writing Skills', 'grade': 'B'}], 'required_courses': {}, 'gpa': 3.5, 'cgpa': 3.2, 'major_name': 'Computer Science'}
2024-10-16 19:06:53,400 - models.student_data_handler - INFO - Initialized StudentDataHandler for Major: Computer Science (ID: 1)
2024-10-16 19:06:53,400 - models.student_data_handler - INFO - Completed courses from transcript: [{'course_code': 'COMP101', 'course_name': 'Introduction to Computer Science', 'grade': 'A'}, {'course_code': 'WRCM101', 'course_name': 'Writing Skills', 'grade': 'B'}]
2024-10-16 19:06:53,432 - models.student_data_handler - ERROR - Error fetching required courses: tuple indices must be integers or slices, not str
2024-10-16 19:06:53,603 - models.student_data_handler - INFO - Initialized StudentDataHandler for Major: Computer Science (ID: 1)
2024-10-16 19:06:53,603 - models.student_data_handler - INFO - Completed courses from transcript: [{'course_code': 'COMP101', 'course_name': 'Introduction to Computer Science', 'grade': 'A'}, {'course_code': 'WRCM101', 'course_name': 'Writing Skills', 'grade': 'B'}]
2024-10-16 19:06:53,603 - models.student_data_handler - INFO - Completed courses from transcript: [{'course_code': 'COMP101', 'course_name': 'Introduction to Computer Science', 'grade': 'A'}, {'course_code': 'WRCM101', 'course_name': 'Writing Skills', 'grade': 'B'}]
2024-10-16 19:06:53,604 - models.student_data_handler - ERROR - Error fetching required courses: tuple indices must be integers or slices, not str
2024-10-16 19:06:53,604 - models.student_data_handler - INFO - Prepared data for GPT input: {'completed_courses': [{'course_code': 'COMP101', 'course_name': 'Introduction to Computer Science', 'grade': 'A'}, {'course_code': 'WRCM101', 'course_name': 'Writing Skills', 'grade': 'B'}], 'required_courses': {}, 'gpa': 3.5, 'cgpa': 3.2, 'major_name': 'Computer Science'}
